<?xml version="1.0" encoding="UTF-8"?>
<testsuite name="steps.CheckPriceTest" tests="1" skipped="0" failures="0" errors="0" timestamp="2021-05-24T13:01:13" hostname="DESKTOP-EN7I33H" time="6.147">
  <properties/>
  <testcase name="checkPrice" classname="steps.CheckPriceTest" time="6.147"/>
  <system-out><![CDATA[C$2,470.25
]]></system-out>
  <system-err><![CDATA[Starting ChromeDriver 90.0.4430.24 (4c6d850f087da467d926e8eddb76550aed655991-refs/branch-heads/4430@{#429}) on port 30546
Only local connections are allowed.
Please see https://chromedriver.chromium.org/security-considerations for suggestions on keeping ChromeDriver safe.
ChromeDriver was started successfully.
May 24, 2021 9:01:16 AM org.openqa.selenium.remote.ProtocolHandshake createSession
INFO: Detected dialect: W3C
]]></system-err>
</testsuite>
